<?xml version="1.0" encoding="UTF-8"?>
<testsuite xmlns:xsi="http://www.w3.org/2001/XMLSchema-instance" xsi:noNamespaceSchemaLocation="https://maven.apache.org/surefire/maven-surefire-plugin/xsd/surefire-test-report.xsd" name="ru.netology.stats.ZD7.service.StatsServiceTest" time="0.031" tests="6" errors="0" skipped="0" failures="0">
  <properties>
[...]
</properties>
  <testcase name="testMaxSalesMonth" classname="ru.netology.stats.ZD7.service.StatsServiceTest" time="0.031"/>
  <testcase name="testSum" classname="ru.netology.stats.ZD7.service.StatsServiceTest" time="0"/>
  <testcase name="testAverage" classname="ru.netology.stats.ZD7.service.StatsServiceTest" time="0"/>
  <testcase name="testAboveAverageSales" classname="ru.netology.stats.ZD7.service.StatsServiceTest" time="0"/>
  <testcase name="testMinSalesMonth" classname="ru.netology.stats.ZD7.service.StatsServiceTest" time="0"/>
  <testcase name="testBelowAverageSales" classname="ru.netology.stats.ZD7.service.StatsServiceTest" time="0"/>
</testsuite>